<?xml version="1.0" encoding="UTF-8"?>
<!-- Generated by org.testng.reporters.JUnitXMLReporter -->
<testsuite hostname="DESKTOP-FA3JEC3" ignored="0" name="Default test" tests="6" failures="0" timestamp="25 Feb 2020 19:03:59 GMT" time="0.05" errors="0">
  <testcase name="deleteTwitter" time="0.008" classname="Qaclickacademy.RestAPITest"/>
  <testcase name="postJira" time="0.001" classname="Qaclickacademy.RestAPITest"/>
  <testcase name="BrowserAutomation" time="0.002" classname="Qaclickacademy.SeleniumTest"/>
  <testcase name="elementsUI" time="0.001" classname="Qaclickacademy.SeleniumTest"/>
  <testcase name="deleteTwitter" time="0.001" classname="Qaclickacademy.AppiumTest"/>
  <testcase name="postJira" time="0.001" classname="Qaclickacademy.AppiumTest"/>
</testsuite> <!-- Default test -->
