<?xml version="1.0" encoding="UTF-8"?>
<!-- Generated by org.testng.reporters.JUnitXMLReporter -->
<testsuite hostname="DESKTOP-FA3JEC3" ignored="1" name="Test" tests="5" failures="0" timestamp="25 Feb 2020 19:04:43 GMT" time="0.047" errors="0">
  <testcase name="BrowserAutomation" time="0.008" classname="Qaclickacademy.SeleniumTest"/>
  <testcase name="elementsUI" time="0.001" classname="Qaclickacademy.SeleniumTest"/>
  <testcase name="deleteTwitter" time="0.001" classname="Qaclickacademy.RestAPITest"/>
  <testcase name="postJira" time="0.001" classname="Qaclickacademy.RestAPITest"/>
  <testcase name="postJira" time="0.009" classname="Qaclickacademy.AppiumTest"/>
  <testcase name="deleteTwitter" time="0.0" classname="Qaclickacademy.AppiumTest">
    <ignored/>
  </testcase> <!-- deleteTwitter -->
</testsuite> <!-- Test -->
