<?xml version="1.0" encoding="UTF-8"?>
<!-- Generated by org.testng.reporters.JUnitXMLReporter -->
<testsuite hostname="DESKTOP-FA3JEC3" ignored="0" name="Command line test" tests="6" failures="0" timestamp="25 Feb 2020 23:40:30 GMT" time="0.081" errors="0">
  <testcase name="deleteTwitter" time="0.007" classname="Qaclickacademy.AppiumTest"/>
  <testcase name="postJira" time="0.0" classname="Qaclickacademy.AppiumTest"/>
  <testcase name="deleteTwitter" time="0.0" classname="Qaclickacademy.RestAPITest"/>
  <testcase name="postJira" time="0.0" classname="Qaclickacademy.RestAPITest"/>
  <testcase name="BrowserAutomation" time="0.001" classname="Qaclickacademy.SeleniumTest"/>
  <testcase name="elementsUI" time="0.0" classname="Qaclickacademy.SeleniumTest"/>
</testsuite> <!-- Command line test -->
