<?xml version="1.0" encoding="UTF-8"?>
<!-- Generated by org.testng.reporters.JUnitXMLReporter -->
<testsuite hostname="DESKTOP-FA3JEC3" ignored="1" name="Test" tests="5" failures="0" timestamp="25 Feb 2020 16:50:59 GMT" time="0.024" errors="0">
  <testcase name="BrowserAutomation" time="0.004" classname="Qaclickacademy.SeleniumTest"/>
  <testcase name="deleteTwitter" time="0.0" classname="Qaclickacademy.RestAPITest"/>
  <testcase name="postJira" time="0.0" classname="Qaclickacademy.RestAPITest"/>
  <testcase name="deleteTwitter" time="0.0" classname="Qaclickacademy.AppiumTest"/>
  <testcase name="postJira" time="0.0" classname="Qaclickacademy.AppiumTest"/>
  <testcase name="elementsUI" time="0.0" classname="Qaclickacademy.SeleniumTest">
    <ignored/>
  </testcase> <!-- elementsUI -->
</testsuite> <!-- Test -->
