<?xml version="1.0" encoding="UTF-8"?>
<testng-results skipped="0" failed="0" ignored="0" total="6" passed="6">
  <reporter-output>
  </reporter-output>
  <suite name="Command line suite" duration-ms="81" started-at="2020-02-25T23:40:30Z" finished-at="2020-02-25T23:40:30Z">
    <groups>
    </groups>
    <test name="Command line test" duration-ms="81" started-at="2020-02-25T23:40:30Z" finished-at="2020-02-25T23:40:30Z">
      <class name="Qaclickacademy.RestAPITest">
        <test-method status="PASS" signature="deleteTwitter()[pri:0, instance:Qaclickacademy.RestAPITest@2d554825]" name="deleteTwitter" duration-ms="0" started-at="2020-02-25T23:40:30Z" finished-at="2020-02-25T23:40:30Z">
          <reporter-output>
          </reporter-output>
        </test-method> <!-- deleteTwitter -->
        <test-method status="PASS" signature="postJira()[pri:0, instance:Qaclickacademy.RestAPITest@2d554825]" name="postJira" duration-ms="0" started-at="2020-02-25T23:40:30Z" finished-at="2020-02-25T23:40:30Z">
          <reporter-output>
          </reporter-output>
        </test-method> <!-- postJira -->
      </class> <!-- Qaclickacademy.RestAPITest -->
      <class name="Qaclickacademy.SeleniumTest">
        <test-method status="PASS" signature="BrowserAutomation()[pri:0, instance:Qaclickacademy.SeleniumTest@68837a77]" name="BrowserAutomation" duration-ms="1" started-at="2020-02-25T23:40:30Z" finished-at="2020-02-25T23:40:30Z">
          <reporter-output>
          </reporter-output>
        </test-method> <!-- BrowserAutomation -->
        <test-method status="PASS" signature="elementsUI()[pri:0, instance:Qaclickacademy.SeleniumTest@68837a77]" name="elementsUI" duration-ms="0" started-at="2020-02-25T23:40:30Z" finished-at="2020-02-25T23:40:30Z">
          <reporter-output>
          </reporter-output>
        </test-method> <!-- elementsUI -->
      </class> <!-- Qaclickacademy.SeleniumTest -->
      <class name="Qaclickacademy.AppiumTest">
        <test-method status="PASS" signature="deleteTwitter()[pri:0, instance:Qaclickacademy.AppiumTest@77b52d12]" name="deleteTwitter" duration-ms="7" started-at="2020-02-25T23:40:30Z" finished-at="2020-02-25T23:40:30Z">
          <reporter-output>
          </reporter-output>
        </test-method> <!-- deleteTwitter -->
        <test-method status="PASS" signature="postJira()[pri:0, instance:Qaclickacademy.AppiumTest@77b52d12]" name="postJira" duration-ms="0" started-at="2020-02-25T23:40:30Z" finished-at="2020-02-25T23:40:30Z">
          <reporter-output>
          </reporter-output>
        </test-method> <!-- postJira -->
      </class> <!-- Qaclickacademy.AppiumTest -->
    </test> <!-- Command line test -->
  </suite> <!-- Command line suite -->
</testng-results>
