<?xml version="1.0" encoding="UTF-8"?>
<testng-results skipped="0" failed="0" ignored="1" total="6" passed="5">
  <reporter-output>
  </reporter-output>
  <suite name="Suite" duration-ms="47" started-at="2020-02-25T19:04:43Z" finished-at="2020-02-25T19:04:43Z">
    <groups>
    </groups>
    <test name="Test" duration-ms="47" started-at="2020-02-25T19:04:43Z" finished-at="2020-02-25T19:04:43Z">
      <class name="Qaclickacademy.RestAPITest">
        <test-method status="PASS" signature="deleteTwitter()[pri:0, instance:Qaclickacademy.RestAPITest@2d9d4f9d]" name="deleteTwitter" duration-ms="1" started-at="2020-02-25T19:04:43Z" finished-at="2020-02-25T19:04:43Z">
          <reporter-output>
          </reporter-output>
        </test-method> <!-- deleteTwitter -->
        <test-method status="PASS" signature="postJira()[pri:0, instance:Qaclickacademy.RestAPITest@2d9d4f9d]" name="postJira" duration-ms="1" started-at="2020-02-25T19:04:43Z" finished-at="2020-02-25T19:04:43Z">
          <reporter-output>
          </reporter-output>
        </test-method> <!-- postJira -->
      </class> <!-- Qaclickacademy.RestAPITest -->
      <class name="Qaclickacademy.SeleniumTest">
        <test-method status="PASS" signature="BrowserAutomation()[pri:0, instance:Qaclickacademy.SeleniumTest@17c1bced]" name="BrowserAutomation" duration-ms="8" started-at="2020-02-25T19:04:43Z" finished-at="2020-02-25T19:04:43Z">
          <reporter-output>
          </reporter-output>
        </test-method> <!-- BrowserAutomation -->
        <test-method status="PASS" signature="elementsUI()[pri:0, instance:Qaclickacademy.SeleniumTest@17c1bced]" name="elementsUI" duration-ms="1" started-at="2020-02-25T19:04:43Z" finished-at="2020-02-25T19:04:43Z">
          <reporter-output>
          </reporter-output>
        </test-method> <!-- elementsUI -->
      </class> <!-- Qaclickacademy.SeleniumTest -->
      <class name="Qaclickacademy.AppiumTest">
        <test-method status="PASS" signature="postJira()[pri:0, instance:Qaclickacademy.AppiumTest@4034c28c]" name="postJira" duration-ms="9" started-at="2020-02-25T19:04:43Z" finished-at="2020-02-25T19:04:43Z">
          <reporter-output>
          </reporter-output>
        </test-method> <!-- postJira -->
      </class> <!-- Qaclickacademy.AppiumTest -->
    </test> <!-- Test -->
  </suite> <!-- Suite -->
</testng-results>
